<?xml version="1.0" encoding="UTF-8"?>
<!-- Generated by org.testng.reporters.JUnitXMLReporter -->
<testsuite ignored="0" hostname="PC-f7ad11" failures="0" tests="3" name="Default test" time="23.68" errors="0" timestamp="2023-05-24T11:18:54 IST">
  <testcase classname="TestScripts.Customer" name="Verify_create_customer" time="4.129"/>
  <testcase classname="TestScripts.Customer" name="Verify_create_customer" time="4.095"/>
  <testcase classname="TestScripts.Customer" name="Verify_create_customer" time="3.685"/>
</testsuite> <!-- Default test -->
