<?xml version="1.0" encoding="UTF-8"?>
<!-- Generated by org.testng.reporters.JUnitXMLReporter -->
<testsuite ignored="0" hostname="PC-f7ad11" failures="0"
	tests="3" name="Test2" time="5.897" errors="0"
	timestamp="2023-05-15T10:48:42 IST">
	<testcase classname="TestScripts.Customer"
		name="Verify_create_customer" time="1.006" />
	<testcase classname="TestScripts.Customer"
		name="Verify_delete_customer" time="1.018" />
	<testcase classname="TestScripts.Customer"
		name="Verify_add_project_to_customer" time="1.012" />
</testsuite> <!-- Test2 -->
